<?xml version="1.0" encoding="UTF-8"?>
<testng-results ignored="0" total="1" passed="1" failed="0" skipped="0">
  <reporter-output>
  </reporter-output>
  <suite started-at="2024-11-12T18:50:59 IST" name="Default suite" finished-at="2024-11-12T18:51:07 IST" duration-ms="8573">
    <groups>
    </groups>
    <test started-at="2024-11-12T18:50:59 IST" name="Default test" finished-at="2024-11-12T18:51:07 IST" duration-ms="8573">
      <class name="com.cjc.tesng.UsingPropertiesFile$MTlogin">
        <test-method is-config="true" signature="openBrowser()[pri:0, instance:com.cjc.tesng.UsingPropertiesFile$MTlogin@76908cc0]" started-at="2024-11-12T18:50:56 IST" name="openBrowser" finished-at="2024-11-12T18:50:59 IST" duration-ms="2525" status="PASS">
          <reporter-output>
          </reporter-output>
        </test-method> <!-- openBrowser -->
        <test-method is-config="true" signature="enterUrl()[pri:0, instance:com.cjc.tesng.UsingPropertiesFile$MTlogin@76908cc0]" started-at="2024-11-12T18:50:59 IST" name="enterUrl" finished-at="2024-11-12T18:51:05 IST" duration-ms="6703" status="PASS">
          <reporter-output>
          </reporter-output>
        </test-method> <!-- enterUrl -->
        <test-method is-config="true" signature="windowHandle()[pri:0, instance:com.cjc.tesng.UsingPropertiesFile$MTlogin@76908cc0]" started-at="2024-11-12T18:51:05 IST" name="windowHandle" finished-at="2024-11-12T18:51:05 IST" duration-ms="84" status="PASS">
          <reporter-output>
          </reporter-output>
        </test-method> <!-- windowHandle -->
        <test-method is-config="true" signature="displayCookies()[pri:0, instance:com.cjc.tesng.UsingPropertiesFile$MTlogin@76908cc0]" started-at="2024-11-12T18:51:05 IST" name="displayCookies" finished-at="2024-11-12T18:51:05 IST" duration-ms="0" status="PASS">
          <reporter-output>
          </reporter-output>
        </test-method> <!-- displayCookies -->
        <test-method signature="loginCheck()[pri:0, instance:com.cjc.tesng.UsingPropertiesFile$MTlogin@76908cc0]" started-at="2024-11-12T18:51:05 IST" name="loginCheck" finished-at="2024-11-12T18:51:07 IST" duration-ms="1719" status="PASS">
          <reporter-output>
          </reporter-output>
        </test-method> <!-- loginCheck -->
      </class> <!-- com.cjc.tesng.UsingPropertiesFile$MTlogin -->
    </test> <!-- Default test -->
  </suite> <!-- Default suite -->
</testng-results>
